Using pre-set license
Built from '2020.3/staging' branch; Version is '2020.3.9f1 (108be757e447) revision 1084391'; Using compiler version '192528614'; Build Type 'Release'
OS: 'Windows 10 Pro; OS build 22000.856; Version 2009; 64bit' Language: 'ru' Physical Memory: 16337 MB
BatchMode: 1, IsHumanControllingUs: 0, StartBugReporterOnCrash: 0, Is64bit: 1, IsPro: 0

 COMMAND LINE ARGUMENTS:
D:\Games\Engine\2020.3.9f1\Editor\Unity.exe
-adb2
-batchMode
-noUpm
-name
AssetImportWorker0
-projectPath
D:/Unity Projects/StefanSon_Rep/Samurai Project
-logFile
Logs/AssetImportWorker0.log
-srvPort
49701
Successfully changed project path to: D:/Unity Projects/StefanSon_Rep/Samurai Project
D:/Unity Projects/StefanSon_Rep/Samurai Project
Using Asset Import Pipeline V2.
Refreshing native plugins compatible for Editor in 36.77 ms, found 0 plugins.
Preloading 0 native plugins for Editor in 0.00 ms.
Initialize engine version: 2020.3.9f1 (108be757e447)
[Subsystems] Discovering subsystems at path D:/Games/Engine/2020.3.9f1/Editor/Data/Resources/UnitySubsystems
[Subsystems] Discovering subsystems at path D:/Unity Projects/StefanSon_Rep/Samurai Project/Assets
GfxDevice: creating device client; threaded=0
Direct3D:
    Version:  Direct3D 11.0 [level 11.1]
    Renderer: Radeon RX 580 Series (ID=0x67df)
    Vendor:   
    VRAM:     8170 MB
    Driver:   30.0.21023.1015
Initialize mono
Mono path[0] = 'D:/Games/Engine/2020.3.9f1/Editor/Data/Managed'
Mono path[1] = 'D:/Games/Engine/2020.3.9f1/Editor/Data/MonoBleedingEdge/lib/mono/unityjit'
Mono config path = 'D:/Games/Engine/2020.3.9f1/Editor/Data/MonoBleedingEdge/etc'
Using monoOptions --debugger-agent=transport=dt_socket,embedding=1,server=y,suspend=n,address=127.0.0.1:56812
Begin MonoManager ReloadAssembly
Registering precompiled unity dll's ...
Register platform support module: D:/Games/Engine/2020.3.9f1/Editor/Data/PlaybackEngines/WindowsStandaloneSupport/UnityEditor.WindowsStandalone.Extensions.dll
Registered in 0.001099 seconds.
Native extension for WindowsStandalone target not found
Refreshing native plugins compatible for Editor in 138.90 ms, found 0 plugins.
Preloading 0 native plugins for Editor in 0.00 ms.
Mono: successfully reloaded assembly
- Completed reload, in  2.892 seconds
Platform modules already initialized, skipping
Registering precompiled user dll's ...
Registered in 0.001463 seconds.
Begin MonoManager ReloadAssembly
Native extension for WindowsStandalone target not found
Refreshing native plugins compatible for Editor in 56.19 ms, found 0 plugins.
Preloading 0 native plugins for Editor in 0.00 ms.
Mono: successfully reloaded assembly
- Completed reload, in  5.056 seconds
Platform modules already initialized, skipping
========================================================================
Worker process is ready to serve import requests
Shader 'Universal Render Pipeline/Particles/Lit': fallback shader 'Universal Render Pipeline/Particles/SimpleLit' not found
Shader 'Universal Render Pipeline/Particles/Lit': fallback shader 'Universal Render Pipeline/Particles/SimpleLit' not found
Launched and connected shader compiler UnityShaderCompiler.exe after 0.05 seconds
Refreshing native plugins compatible for Editor in 0.75 ms, found 0 plugins.
Preloading 0 native plugins for Editor in 0.00 ms.
Unloading 2421 Unused Serialized files (Serialized files now loaded: 0)
System memory in use before: 113.5 MB.
System memory in use after: 110.8 MB.

Unloading 45 unused Assets to reduce memory usage. Loaded Objects now: 2829.
Total: 5.240700 ms (FindLiveObjects: 0.526300 ms CreateObjectMapping: 0.090300 ms MarkObjects: 2.818200 ms  DeleteObjects: 1.803800 ms)

========================================================================
Received Import Request.
  path: Assets/Materials
  artifactKey: Guid(d0234ba368eeec9418390da711bfdad0) Importer(815301076,1909f56bfc062723c751e8b465ee728b)
Start importing Assets/Materials using Guid(d0234ba368eeec9418390da711bfdad0) Importer(815301076,1909f56bfc062723c751e8b465ee728b)  -> (artifact id: 'dd1fccef896d48891410691dfde716e5') in 0.020953 seconds
  Import took 0.036065 seconds .

========================================================================
Received Import Request.
  Time since last request: 0.000176 seconds.
  path: Assets
  artifactKey: Guid(00000000000000001000000000000000) Importer(815301076,1909f56bfc062723c751e8b465ee728b)
Start importing Assets using Guid(00000000000000001000000000000000) Importer(815301076,1909f56bfc062723c751e8b465ee728b)  -> (artifact id: '42d402b061de3733987d63b9cc3b64de') in 0.007226 seconds
  Import took 0.012401 seconds .

========================================================================
Received Import Request.
  Time since last request: 0.000215 seconds.
  path: Assets/Materials/Skybox_Mat.mat
  artifactKey: Guid(0ffaa0b7117ba8c47a9d05ae701d4b4d) Importer(815301076,1909f56bfc062723c751e8b465ee728b)
Start importing Assets/Materials/Skybox_Mat.mat using Guid(0ffaa0b7117ba8c47a9d05ae701d4b4d) Importer(815301076,1909f56bfc062723c751e8b465ee728b)  -> (artifact id: '4d54ab3375f41efad00566dcae11def2') in 0.433418 seconds
  Import took 0.437618 seconds .

========================================================================
Received Import Request.
  Time since last request: 0.000182 seconds.
  path: Assets/ExampleAssets
  artifactKey: Guid(990f5c2df70993f4987a388ca178996a) Importer(815301076,1909f56bfc062723c751e8b465ee728b)
Start importing Assets/ExampleAssets using Guid(990f5c2df70993f4987a388ca178996a) Importer(815301076,1909f56bfc062723c751e8b465ee728b)  -> (artifact id: 'd5ac45704b3e904ca5b19a6457cc79ac') in 0.005644 seconds
  Import took 0.009112 seconds .

========================================================================
Received Import Request.
  Time since last request: 7.529784 seconds.
  path: Assets/_Start Folder
  artifactKey: Guid(f804c26f861ec7f408eeb6b339c09fab) Importer(815301076,1909f56bfc062723c751e8b465ee728b)
Start importing Assets/_Start Folder using Guid(f804c26f861ec7f408eeb6b339c09fab) Importer(815301076,1909f56bfc062723c751e8b465ee728b)  -> (artifact id: 'f34aeda944475a713ed4167ac621cf84') in 0.004825 seconds
  Import took 0.036395 seconds .

========================================================================
Received Import Request.
  Time since last request: 1.453321 seconds.
  path: Assets/TutorialInfo
  artifactKey: Guid(49110bb8dcada46328ad741970bce702) Importer(815301076,1909f56bfc062723c751e8b465ee728b)
Start importing Assets/TutorialInfo using Guid(49110bb8dcada46328ad741970bce702) Importer(815301076,1909f56bfc062723c751e8b465ee728b)  -> (artifact id: 'de5a30219286eb2a872f2f84d66d9616') in 0.009115 seconds
  Import took 0.012644 seconds .

========================================================================
Received Import Request.
  Time since last request: 0.000287 seconds.
  path: Assets/TutorialInfo
  artifactKey: Guid(49110bb8dcada46328ad741970bce702) Importer(815301076,1909f56bfc062723c751e8b465ee728b)
Start importing Assets/TutorialInfo using Guid(49110bb8dcada46328ad741970bce702) Importer(815301076,1909f56bfc062723c751e8b465ee728b)  -> (artifact id: 'de5a30219286eb2a872f2f84d66d9616') in 0.001555 seconds
  Import took 0.004488 seconds .

========================================================================
Received Prepare
Registering precompiled user dll's ...
Registered in 0.000951 seconds.
Begin MonoManager ReloadAssembly
Native extension for WindowsStandalone target not found
Refreshing native plugins compatible for Editor in 0.43 ms, found 0 plugins.
Preloading 0 native plugins for Editor in 0.00 ms.
Mono: successfully reloaded assembly
- Completed reload, in  0.705 seconds
Platform modules already initialized, skipping
Shader 'Universal Render Pipeline/Particles/Lit': fallback shader 'Universal Render Pipeline/Particles/SimpleLit' not found
Shader 'Universal Render Pipeline/Particles/Lit': fallback shader 'Universal Render Pipeline/Particles/SimpleLit' not found
Refreshing native plugins compatible for Editor in 0.47 ms, found 0 plugins.
Preloading 0 native plugins for Editor in 0.00 ms.
Unloading 2346 Unused Serialized files (Serialized files now loaded: 0)
System memory in use before: 115.3 MB.
System memory in use after: 112.6 MB.

Unloading 40 unused Assets to reduce memory usage. Loaded Objects now: 2910.
Total: 2.979700 ms (FindLiveObjects: 0.247200 ms CreateObjectMapping: 0.063900 ms MarkObjects: 1.560000 ms  DeleteObjects: 1.107400 ms)

========================================================================
Received Import Request.
  Time since last request: 10.195454 seconds.
  path: Assets/Scenes
  artifactKey: Guid(87fc62d1c21b9b44c80a7a2f8c551226) Importer(815301076,1909f56bfc062723c751e8b465ee728b)
Start importing Assets/Scenes using Guid(87fc62d1c21b9b44c80a7a2f8c551226) Importer(815301076,1909f56bfc062723c751e8b465ee728b)  -> (artifact id: '5a36c5223ff8f1e6e6c2259a31348dcf') in 0.007090 seconds
  Import took 0.010592 seconds .

========================================================================
Received Import Request.
  Time since last request: 0.000373 seconds.
  path: Assets/Scenes
  artifactKey: Guid(87fc62d1c21b9b44c80a7a2f8c551226) Importer(815301076,1909f56bfc062723c751e8b465ee728b)
Start importing Assets/Scenes using Guid(87fc62d1c21b9b44c80a7a2f8c551226) Importer(815301076,1909f56bfc062723c751e8b465ee728b)  -> (artifact id: '5a36c5223ff8f1e6e6c2259a31348dcf') in 0.001388 seconds
  Import took 0.004645 seconds .

========================================================================
Received Import Request.
  Time since last request: 13.910634 seconds.
  path: Assets/Scenes/Test Scene.unity
  artifactKey: Guid(e9e322e8230a86c4cb0746548aa7a0f9) Importer(815301076,1909f56bfc062723c751e8b465ee728b)
Start importing Assets/Scenes/Test Scene.unity using Guid(e9e322e8230a86c4cb0746548aa7a0f9) Importer(815301076,1909f56bfc062723c751e8b465ee728b)  -> (artifact id: '73299b264eb4eddf1d027f40f34fce6d') in 0.011217 seconds
  Import took 0.014564 seconds .

========================================================================
Received Import Request.
  Time since last request: 25.643794 seconds.
  path: Assets/Scenes/Grass.shadergraph
  artifactKey: Guid(35d0ebb8a4baef842b9112fe9f0ea0ce) Importer(815301076,1909f56bfc062723c751e8b465ee728b)
Start importing Assets/Scenes/Grass.shadergraph using Guid(35d0ebb8a4baef842b9112fe9f0ea0ce) Importer(815301076,1909f56bfc062723c751e8b465ee728b)  -> (artifact id: '393761787e3568c812fc90873f6e8184') in 0.006727 seconds
  Import took 0.010667 seconds .

========================================================================
Received Import Request.
  Time since last request: 0.069343 seconds.
  path: Assets/Scenes/Grass.shadergraph
  artifactKey: Guid(35d0ebb8a4baef842b9112fe9f0ea0ce) Importer(815301076,1909f56bfc062723c751e8b465ee728b)
Start importing Assets/Scenes/Grass.shadergraph using Guid(35d0ebb8a4baef842b9112fe9f0ea0ce) Importer(815301076,1909f56bfc062723c751e8b465ee728b)  -> (artifact id: '393761787e3568c812fc90873f6e8184') in 0.002102 seconds
  Import took 0.005624 seconds .

========================================================================
Received Import Request.
  Time since last request: 1.428396 seconds.
  path: Assets/Scenes/GrassIndirect.shader
  artifactKey: Guid(7328df536fdae934fa36d503e3fb9676) Importer(815301076,1909f56bfc062723c751e8b465ee728b)
Start importing Assets/Scenes/GrassIndirect.shader using Guid(7328df536fdae934fa36d503e3fb9676) Importer(815301076,1909f56bfc062723c751e8b465ee728b)  -> (artifact id: '94ca7e44ef3a9cf139239ea579496e4e') in 0.006151 seconds
  Import took 0.009486 seconds .

========================================================================
Received Import Request.
  Time since last request: 0.067017 seconds.
  path: Assets/Scenes/GrassIndirect.shader
  artifactKey: Guid(7328df536fdae934fa36d503e3fb9676) Importer(815301076,1909f56bfc062723c751e8b465ee728b)
Start importing Assets/Scenes/GrassIndirect.shader using Guid(7328df536fdae934fa36d503e3fb9676) Importer(815301076,1909f56bfc062723c751e8b465ee728b)  -> (artifact id: '94ca7e44ef3a9cf139239ea579496e4e') in 0.002104 seconds
  Import took 0.005560 seconds .

========================================================================
Received Import Request.
  Time since last request: 87.808081 seconds.
  path: Assets/Scenes/New Material.mat
  artifactKey: Guid(97bcb9f735ea1f840b8273750a8f8e67) Importer(815301076,1909f56bfc062723c751e8b465ee728b)
Start importing Assets/Scenes/New Material.mat using Guid(97bcb9f735ea1f840b8273750a8f8e67) Importer(815301076,1909f56bfc062723c751e8b465ee728b)  -> (artifact id: 'e70897e92e321c2b6e99674952274876') in 0.126146 seconds
  Import took 0.129810 seconds .

========================================================================
Received Import Request.
  Time since last request: 5.829727 seconds.
  path: Assets/_Start Folder/ExampleAssets/Textures/Props/Construction_Light/ConstructionLight_Albedo.tif
  artifactKey: Guid(2ec6e1532acb1254f9f3797b5d82db44) Importer(815301076,1909f56bfc062723c751e8b465ee728b)
Start importing Assets/_Start Folder/ExampleAssets/Textures/Props/Construction_Light/ConstructionLight_Albedo.tif using Guid(2ec6e1532acb1254f9f3797b5d82db44) Importer(815301076,1909f56bfc062723c751e8b465ee728b)  -> (artifact id: '864d2b361520e82158bacbe73f11f05a') in 0.133593 seconds
  Import took 0.137175 seconds .

========================================================================
Received Import Request.
  Time since last request: 0.000163 seconds.
  path: Assets/_Start Folder/ExampleAssets/Textures/Props/Construction_Light/ConstructionLight_MetallicOcculusionSmoothness.tif
  artifactKey: Guid(9a81f1a59f171804e84fce76584bdcb7) Importer(815301076,1909f56bfc062723c751e8b465ee728b)
Start importing Assets/_Start Folder/ExampleAssets/Textures/Props/Construction_Light/ConstructionLight_MetallicOcculusionSmoothness.tif using Guid(9a81f1a59f171804e84fce76584bdcb7) Importer(815301076,1909f56bfc062723c751e8b465ee728b)  -> (artifact id: '7eaee825fee49737c47450774b31e7c8') in 0.009574 seconds
  Import took 0.012833 seconds .

========================================================================
Received Import Request.
  Time since last request: 0.000129 seconds.
  path: Assets/_Start Folder/ExampleAssets/Textures/Props/Construction_Light/ConstructionLight_Albedo.tif
  artifactKey: Guid(2ec6e1532acb1254f9f3797b5d82db44) Importer(815301076,1909f56bfc062723c751e8b465ee728b)
Start importing Assets/_Start Folder/ExampleAssets/Textures/Props/Construction_Light/ConstructionLight_Albedo.tif using Guid(2ec6e1532acb1254f9f3797b5d82db44) Importer(815301076,1909f56bfc062723c751e8b465ee728b)  -> (artifact id: '864d2b361520e82158bacbe73f11f05a') in 0.010596 seconds
  Import took 0.013862 seconds .

========================================================================
Received Import Request.
  Time since last request: 0.000153 seconds.
  path: Assets/_Start Folder/ExampleAssets/Textures/Props/Construction_Light/ConstructionLight_MetallicOcculusionSmoothness.tif
  artifactKey: Guid(9a81f1a59f171804e84fce76584bdcb7) Importer(815301076,1909f56bfc062723c751e8b465ee728b)
Start importing Assets/_Start Folder/ExampleAssets/Textures/Props/Construction_Light/ConstructionLight_MetallicOcculusionSmoothness.tif using Guid(9a81f1a59f171804e84fce76584bdcb7) Importer(815301076,1909f56bfc062723c751e8b465ee728b)  -> (artifact id: '7eaee825fee49737c47450774b31e7c8') in 0.007182 seconds
  Import took 0.010807 seconds .

========================================================================
Received Import Request.
  Time since last request: 0.000133 seconds.
  path: Assets/_Start Folder/ExampleAssets/Textures/Plastic/Elastic_MetallicOcculusionSmoothness.tif
  artifactKey: Guid(f5df2fb0c070b57429f8ca23b216093b) Importer(815301076,1909f56bfc062723c751e8b465ee728b)
Start importing Assets/_Start Folder/ExampleAssets/Textures/Plastic/Elastic_MetallicOcculusionSmoothness.tif using Guid(f5df2fb0c070b57429f8ca23b216093b) Importer(815301076,1909f56bfc062723c751e8b465ee728b)  -> (artifact id: 'c3fe53ede3d2ad0e52eb12523c7f5d3d') in 0.008179 seconds
  Import took 0.011689 seconds .

========================================================================
Received Import Request.
  Time since last request: 0.000155 seconds.
  path: Assets/_Start Folder/ExampleAssets/Textures/Drywall/Drywall_AlbedoSmoothness.tif
  artifactKey: Guid(3e11968c372730442aae3b4f7c909931) Importer(815301076,1909f56bfc062723c751e8b465ee728b)
Start importing Assets/_Start Folder/ExampleAssets/Textures/Drywall/Drywall_AlbedoSmoothness.tif using Guid(3e11968c372730442aae3b4f7c909931) Importer(815301076,1909f56bfc062723c751e8b465ee728b)  -> (artifact id: '5ed8573117dfc88bf695745e2de0a4c9') in 0.009981 seconds
  Import took 0.013188 seconds .

========================================================================
Received Import Request.
  Time since last request: 0.000188 seconds.
  path: Assets/_Start Folder/ExampleAssets/Textures/Drywall/Drywall_Normal.tif
  artifactKey: Guid(e231e4c02c48ee14aafa55f7b1a843c1) Importer(815301076,1909f56bfc062723c751e8b465ee728b)
Start importing Assets/_Start Folder/ExampleAssets/Textures/Drywall/Drywall_Normal.tif using Guid(e231e4c02c48ee14aafa55f7b1a843c1) Importer(815301076,1909f56bfc062723c751e8b465ee728b)  -> (artifact id: '948a9c3de600e9b06db1da9a0cb6f09d') in 0.022530 seconds
  Import took 0.026208 seconds .

========================================================================
Received Import Request.
  Time since last request: 0.000171 seconds.
  path: Assets/_Start Folder/ExampleAssets/Textures/Plastic/Elastic_Normal.tif
  artifactKey: Guid(db17334dfe5991a4bbe241ee9a728c38) Importer(815301076,1909f56bfc062723c751e8b465ee728b)
Start importing Assets/_Start Folder/ExampleAssets/Textures/Plastic/Elastic_Normal.tif using Guid(db17334dfe5991a4bbe241ee9a728c38) Importer(815301076,1909f56bfc062723c751e8b465ee728b)  -> (artifact id: '69cf2864fde43f79dc0d25d585cb8164') in 0.008841 seconds
  Import took 0.012250 seconds .

========================================================================
Received Import Request.
  Time since last request: 0.000153 seconds.
  path: Assets/_Start Folder/ExampleAssets/Textures/Drywall/Drywall_Albedo.tif
  artifactKey: Guid(eae496078d11426448124eaf8b285e6b) Importer(815301076,1909f56bfc062723c751e8b465ee728b)
Start importing Assets/_Start Folder/ExampleAssets/Textures/Drywall/Drywall_Albedo.tif using Guid(eae496078d11426448124eaf8b285e6b) Importer(815301076,1909f56bfc062723c751e8b465ee728b)  -> (artifact id: '1762d013214bf69b5dd047b82b0c63b9') in 0.009462 seconds
  Import took 0.012750 seconds .

========================================================================
Received Import Request.
  Time since last request: 0.000156 seconds.
  path: Assets/_Start Folder/ExampleAssets/Textures/Drywall/DrywallPainted_Normal.tif
  artifactKey: Guid(2cd242c9999e92b4ca96dab876cfaf13) Importer(815301076,1909f56bfc062723c751e8b465ee728b)
Start importing Assets/_Start Folder/ExampleAssets/Textures/Drywall/DrywallPainted_Normal.tif using Guid(2cd242c9999e92b4ca96dab876cfaf13) Importer(815301076,1909f56bfc062723c751e8b465ee728b)  -> (artifact id: 'f419129674622345ff944ef16b90372a') in 0.008764 seconds
  Import took 0.011893 seconds .

========================================================================
Received Import Request.
  Time since last request: 0.008191 seconds.
  path: Assets/_Start Folder/ExampleAssets/Textures/Drywall/DrywallPainted_Normal.tif
  artifactKey: Guid(2cd242c9999e92b4ca96dab876cfaf13) Importer(815301076,1909f56bfc062723c751e8b465ee728b)
Start importing Assets/_Start Folder/ExampleAssets/Textures/Drywall/DrywallPainted_Normal.tif using Guid(2cd242c9999e92b4ca96dab876cfaf13) Importer(815301076,1909f56bfc062723c751e8b465ee728b)  -> (artifact id: 'f419129674622345ff944ef16b90372a') in 0.006975 seconds
  Import took 0.010328 seconds .

========================================================================
Received Import Request.
  Time since last request: 20.154786 seconds.
  path: Assets/Resourses
  artifactKey: Guid(612d72b4152faa14297eb5203ba44ba1) Importer(815301076,1909f56bfc062723c751e8b465ee728b)
Start importing Assets/Resourses using Guid(612d72b4152faa14297eb5203ba44ba1) Importer(815301076,1909f56bfc062723c751e8b465ee728b)  -> (artifact id: '7ddb4523bee4a8428557f1f9de82405a') in 0.004791 seconds
  Import took 0.008298 seconds .

========================================================================
Received Import Request.
  Time since last request: 7.348589 seconds.
  path: Assets/Resourses/Materials
  artifactKey: Guid(d71680886df21e4498485dbf20a9d920) Importer(815301076,1909f56bfc062723c751e8b465ee728b)
Start importing Assets/Resourses/Materials using Guid(d71680886df21e4498485dbf20a9d920) Importer(815301076,1909f56bfc062723c751e8b465ee728b)  -> (artifact id: '84cbb1694005a3ffbd2e74ef469667dd') in 0.001489 seconds
  Import took 0.004826 seconds .

========================================================================
Received Import Request.
  Time since last request: 8.882473 seconds.
  path: Assets/Resourses/Materials/Environmemt
  artifactKey: Guid(34f3ef992e4987941991fb879945b898) Importer(815301076,1909f56bfc062723c751e8b465ee728b)
Start importing Assets/Resourses/Materials/Environmemt using Guid(34f3ef992e4987941991fb879945b898) Importer(815301076,1909f56bfc062723c751e8b465ee728b)  -> (artifact id: '3e52cdfed25cd53d7b204a3e01a3b6a1') in 0.004511 seconds
  Import took 0.008254 seconds .

========================================================================
Received Import Request.
  Time since last request: 5.317574 seconds.
  path: Assets/Resourses/Materials/Environmemt/Grass
  artifactKey: Guid(bd1486654e2223246bd8d57082553203) Importer(815301076,1909f56bfc062723c751e8b465ee728b)
Start importing Assets/Resourses/Materials/Environmemt/Grass using Guid(bd1486654e2223246bd8d57082553203) Importer(815301076,1909f56bfc062723c751e8b465ee728b)  -> (artifact id: '20981fee84da5fae5087791c8dda7a04') in 0.001535 seconds
  Import took 0.005058 seconds .

========================================================================
Received Import Request.
  Time since last request: 9.969163 seconds.
  path: Assets/Resourses/Materials/Environmemt/Grass/Grass Material.mat
  artifactKey: Guid(06e50b5caeadb3a45bee05ffca45ae4e) Importer(815301076,1909f56bfc062723c751e8b465ee728b)
Start importing Assets/Resourses/Materials/Environmemt/Grass/Grass Material.mat using Guid(06e50b5caeadb3a45bee05ffca45ae4e) Importer(815301076,1909f56bfc062723c751e8b465ee728b)  -> (artifact id: '41fc2c668b45a6780301a2ac43977b12') in 0.010833 seconds
  Import took 0.014208 seconds .

========================================================================
Received Import Request.
  Time since last request: 10.167284 seconds.
  path: Assets/Resourses/Models
  artifactKey: Guid(b976bf2f5daba6e47bcb0e7ac5f8827a) Importer(815301076,1909f56bfc062723c751e8b465ee728b)
Start importing Assets/Resourses/Models using Guid(b976bf2f5daba6e47bcb0e7ac5f8827a) Importer(815301076,1909f56bfc062723c751e8b465ee728b)  -> (artifact id: '7f3bf19fab877e9654461bd35c8c500f') in 0.004538 seconds
  Import took 0.007969 seconds .

========================================================================
Received Import Request.
  Time since last request: 7.860870 seconds.
  path: Assets/Resourses/Models/Environment
  artifactKey: Guid(6a42cecf29186a84993c6d5efa7b7799) Importer(815301076,1909f56bfc062723c751e8b465ee728b)
Start importing Assets/Resourses/Models/Environment using Guid(6a42cecf29186a84993c6d5efa7b7799) Importer(815301076,1909f56bfc062723c751e8b465ee728b)  -> (artifact id: 'a6a150373153dcbeab3581956e035ebd') in 0.004772 seconds
  Import took 0.008213 seconds .

========================================================================
Received Import Request.
  Time since last request: 5.278457 seconds.
  path: Assets/Resourses/Models/Environment/Grass
  artifactKey: Guid(e710f04df781fa94cbf733e0ce6a6f11) Importer(815301076,1909f56bfc062723c751e8b465ee728b)
Start importing Assets/Resourses/Models/Environment/Grass using Guid(e710f04df781fa94cbf733e0ce6a6f11) Importer(815301076,1909f56bfc062723c751e8b465ee728b)  -> (artifact id: '389d31d7e090d15fd93ee639ddedb53c') in 0.001509 seconds
  Import took 0.005324 seconds .

========================================================================
Received Import Request.
  Time since last request: 1125.697544 seconds.
  path: Assets/Resourses/Models/Environment/Grass/Grass1.fbx
  artifactKey: Guid(39767e8b634363441ba6c8154b3b0a78) Importer(815301076,1909f56bfc062723c751e8b465ee728b)
Start importing Assets/Resourses/Models/Environment/Grass/Grass1.fbx using Guid(39767e8b634363441ba6c8154b3b0a78) Importer(815301076,1909f56bfc062723c751e8b465ee728b)  -> (artifact id: 'f900101c9cf6788611d1bf17b26fb4d1') in 0.259131 seconds
  Import took 0.262942 seconds .

========================================================================
Received Import Request.
  Time since last request: 91.201439 seconds.
  path: Assets/Resourses/Models/Environment/Grass/Grass1.fbx
  artifactKey: Guid(39767e8b634363441ba6c8154b3b0a78) Importer(815301076,1909f56bfc062723c751e8b465ee728b)
Start importing Assets/Resourses/Models/Environment/Grass/Grass1.fbx using Guid(39767e8b634363441ba6c8154b3b0a78) Importer(815301076,1909f56bfc062723c751e8b465ee728b)  -> (artifact id: '3194c688c256dfdb0216d477565e3ef5') in 0.024806 seconds
  Import took 0.028230 seconds .

========================================================================
Received Import Request.
  Time since last request: 64.299520 seconds.
  path: Assets/Resourses/Models/Environment/Grass/Grass1.fbx
  artifactKey: Guid(39767e8b634363441ba6c8154b3b0a78) Importer(815301076,1909f56bfc062723c751e8b465ee728b)
Start importing Assets/Resourses/Models/Environment/Grass/Grass1.fbx using Guid(39767e8b634363441ba6c8154b3b0a78) Importer(815301076,1909f56bfc062723c751e8b465ee728b)  -> (artifact id: '3b9bf22fba1c86696b062b4d44a1d1bb') in 0.017230 seconds
  Import took 0.020931 seconds .

========================================================================
Received Import Request.
  Time since last request: 58.261728 seconds.
  path: Packages/com.unity.render-pipelines.universal/Runtime/Materials/Lit.mat
  artifactKey: Guid(31321ba15b8f8eb4c954353edc038b1d) Importer(815301076,1909f56bfc062723c751e8b465ee728b)
Start importing Packages/com.unity.render-pipelines.universal/Runtime/Materials/Lit.mat using Guid(31321ba15b8f8eb4c954353edc038b1d) Importer(815301076,1909f56bfc062723c751e8b465ee728b)  -> (artifact id: '97a46e45ab72210011683b98bb693f19') in 0.009638 seconds
  Import took 0.013113 seconds .

========================================================================
Received Import Request.
  Time since last request: 0.000172 seconds.
  path: Packages/com.unity.render-pipelines.universal/Runtime/Materials/ParticlesUnlit.mat
  artifactKey: Guid(e823cd5b5d27c0f4b8256e7c12ee3e6d) Importer(815301076,1909f56bfc062723c751e8b465ee728b)
Start importing Packages/com.unity.render-pipelines.universal/Runtime/Materials/ParticlesUnlit.mat using Guid(e823cd5b5d27c0f4b8256e7c12ee3e6d) Importer(815301076,1909f56bfc062723c751e8b465ee728b)  -> (artifact id: 'a6d3bac30e0c3da08768836858914317') in 0.042553 seconds
  Import took 0.046095 seconds .

========================================================================
Received Import Request.
  Time since last request: 0.000152 seconds.
  path: Packages/com.unity.render-pipelines.universal/Runtime/Materials/TerrainLit.mat
  artifactKey: Guid(594ea882c5a793440b60ff72d896021e) Importer(815301076,1909f56bfc062723c751e8b465ee728b)
Start importing Packages/com.unity.render-pipelines.universal/Runtime/Materials/TerrainLit.mat using Guid(594ea882c5a793440b60ff72d896021e) Importer(815301076,1909f56bfc062723c751e8b465ee728b)  -> (artifact id: 'db9aec0391899b041fa150a21f0d5646') in 0.348066 seconds
  Import took 0.351490 seconds .

========================================================================
Received Import Request.
  Time since last request: 0.000165 seconds.
  path: Packages/com.unity.render-pipelines.universal/Runtime/Materials/ParticlesUnlit.mat
  artifactKey: Guid(e823cd5b5d27c0f4b8256e7c12ee3e6d) Importer(815301076,1909f56bfc062723c751e8b465ee728b)
Start importing Packages/com.unity.render-pipelines.universal/Runtime/Materials/ParticlesUnlit.mat using Guid(e823cd5b5d27c0f4b8256e7c12ee3e6d) Importer(815301076,1909f56bfc062723c751e8b465ee728b)  -> (artifact id: 'a6d3bac30e0c3da08768836858914317') in 0.007750 seconds
  Import took 0.011357 seconds .

========================================================================
Received Import Request.
  Time since last request: 0.000145 seconds.
  path: Packages/com.unity.render-pipelines.universal/Runtime/Materials/Sprite-Unlit-Default.mat
  artifactKey: Guid(9dfc825aed78fcd4ba02077103263b40) Importer(815301076,1909f56bfc062723c751e8b465ee728b)
Start importing Packages/com.unity.render-pipelines.universal/Runtime/Materials/Sprite-Unlit-Default.mat using Guid(9dfc825aed78fcd4ba02077103263b40) Importer(815301076,1909f56bfc062723c751e8b465ee728b)  -> (artifact id: '3dc837b22dad5c9afcddefa703e0bc63') in 0.050302 seconds
  Import took 0.053547 seconds .

========================================================================
Received Import Request.
  Time since last request: 0.000165 seconds.
  path: Packages/com.unity.render-pipelines.universal/Runtime/Materials/SimpleLit.mat
  artifactKey: Guid(6a1143ee683302f4aa628c052723efc1) Importer(815301076,1909f56bfc062723c751e8b465ee728b)
Start importing Packages/com.unity.render-pipelines.universal/Runtime/Materials/SimpleLit.mat using Guid(6a1143ee683302f4aa628c052723efc1) Importer(815301076,1909f56bfc062723c751e8b465ee728b)  -> (artifact id: '4193ea014fb52272aa79e827f0b902d4') in 0.303210 seconds
  Import took 0.306879 seconds .

========================================================================
Received Import Request.
  Time since last request: 0.000159 seconds.
  path: Packages/com.unity.render-pipelines.universal/Runtime/Materials/Sprite-Lit-Default.mat
  artifactKey: Guid(a97c105638bdf8b4a8650670310a4cd3) Importer(815301076,1909f56bfc062723c751e8b465ee728b)
Start importing Packages/com.unity.render-pipelines.universal/Runtime/Materials/Sprite-Lit-Default.mat using Guid(a97c105638bdf8b4a8650670310a4cd3) Importer(815301076,1909f56bfc062723c751e8b465ee728b)  -> (artifact id: 'cbf71d48645b4137c3fdde14caf1f63f') in 0.029385 seconds
  Import took 0.032736 seconds .

========================================================================
Received Import Request.
  Time since last request: 0.000158 seconds.
  path: Packages/com.unity.render-pipelines.universal/Runtime/Materials/Lit.mat
  artifactKey: Guid(31321ba15b8f8eb4c954353edc038b1d) Importer(815301076,1909f56bfc062723c751e8b465ee728b)
Start importing Packages/com.unity.render-pipelines.universal/Runtime/Materials/Lit.mat using Guid(31321ba15b8f8eb4c954353edc038b1d) Importer(815301076,1909f56bfc062723c751e8b465ee728b)  -> (artifact id: '97a46e45ab72210011683b98bb693f19') in 0.006267 seconds
  Import took 0.009413 seconds .

========================================================================
Received Import Request.
  Time since last request: 0.000173 seconds.
  path: Packages/com.unity.render-pipelines.universal/Runtime/Materials/Sprite-Lit-Default.mat
  artifactKey: Guid(a97c105638bdf8b4a8650670310a4cd3) Importer(815301076,1909f56bfc062723c751e8b465ee728b)
Start importing Packages/com.unity.render-pipelines.universal/Runtime/Materials/Sprite-Lit-Default.mat using Guid(a97c105638bdf8b4a8650670310a4cd3) Importer(815301076,1909f56bfc062723c751e8b465ee728b)  -> (artifact id: 'cbf71d48645b4137c3fdde14caf1f63f') in 0.007336 seconds
  Import took 0.010483 seconds .

========================================================================
Received Import Request.
  Time since last request: 52.583375 seconds.
  path: Assets/Resourses/Shaders
  artifactKey: Guid(4dc7719e0b7d4c841ab9999c7f298973) Importer(815301076,1909f56bfc062723c751e8b465ee728b)
Start importing Assets/Resourses/Shaders using Guid(4dc7719e0b7d4c841ab9999c7f298973) Importer(815301076,1909f56bfc062723c751e8b465ee728b)  -> (artifact id: 'ac553084c547828e56d5f2084b916436') in 0.004796 seconds
  Import took 0.008237 seconds .

========================================================================
Received Import Request.
  Time since last request: 5.227377 seconds.
  path: Assets/Resourses/Shaders/Grass
  artifactKey: Guid(a6c766477aef19d49be8290759acb9e4) Importer(815301076,1909f56bfc062723c751e8b465ee728b)
Start importing Assets/Resourses/Shaders/Grass using Guid(a6c766477aef19d49be8290759acb9e4) Importer(815301076,1909f56bfc062723c751e8b465ee728b)  -> (artifact id: '3901f60ba48e22ca942a8f403891e764') in 0.001421 seconds
  Import took 0.004913 seconds .

========================================================================
Received Import Request.
  Time since last request: 14.653798 seconds.
  path: Assets/Resourses/Shaders/Grass/Grass Shader.shadergraph
  artifactKey: Guid(6d26564252d19e74991f45fc5bc8e5d5) Importer(815301076,1909f56bfc062723c751e8b465ee728b)
Start importing Assets/Resourses/Shaders/Grass/Grass Shader.shadergraph using Guid(6d26564252d19e74991f45fc5bc8e5d5) Importer(815301076,1909f56bfc062723c751e8b465ee728b)  -> (artifact id: '795646e054415b4b2fe039b0782c103c') in 0.005692 seconds
  Import took 0.009241 seconds .

========================================================================
Received Import Request.
  Time since last request: 0.339540 seconds.
  path: Assets/Resourses/Shaders/Grass/Grass Shader.shadergraph
  artifactKey: Guid(6d26564252d19e74991f45fc5bc8e5d5) Importer(815301076,1909f56bfc062723c751e8b465ee728b)
Start importing Assets/Resourses/Shaders/Grass/Grass Shader.shadergraph using Guid(6d26564252d19e74991f45fc5bc8e5d5) Importer(815301076,1909f56bfc062723c751e8b465ee728b)  -> (artifact id: '795646e054415b4b2fe039b0782c103c') in 0.002907 seconds
  Import took 0.006698 seconds .

========================================================================
Received Import Request.
  Time since last request: 607.398280 seconds.
  path: Assets/Resourses/Shaders/Grass/Grass.shadergraph
  artifactKey: Guid(1d9554fe65356144aa188f0bdbeeff8d) Importer(815301076,1909f56bfc062723c751e8b465ee728b)
Start importing Assets/Resourses/Shaders/Grass/Grass.shadergraph using Guid(1d9554fe65356144aa188f0bdbeeff8d) Importer(815301076,1909f56bfc062723c751e8b465ee728b)  -> (artifact id: '016fc34d79d9de67c97a5e64e178c15e') in 0.002308 seconds
  Import took 0.006509 seconds .

========================================================================
Received Import Request.
  Time since last request: 62.640457 seconds.
  path: Assets/Resourses/Shaders/Grass/Grass 1.shadergraph
  artifactKey: Guid(21e8882ebc85f704dad8dfc8f4111721) Importer(815301076,1909f56bfc062723c751e8b465ee728b)
Start importing Assets/Resourses/Shaders/Grass/Grass 1.shadergraph using Guid(21e8882ebc85f704dad8dfc8f4111721) Importer(815301076,1909f56bfc062723c751e8b465ee728b)  -> (artifact id: '1413cd465947c84a8acb0cdad07be169') in 0.006177 seconds
  Import took 0.009771 seconds .

========================================================================
Received Import Request.
  Time since last request: 0.002526 seconds.
  path: Assets/Resourses/Shaders/Grass/Grass 1.shadergraph
  artifactKey: Guid(21e8882ebc85f704dad8dfc8f4111721) Importer(815301076,1909f56bfc062723c751e8b465ee728b)
Start importing Assets/Resourses/Shaders/Grass/Grass 1.shadergraph using Guid(21e8882ebc85f704dad8dfc8f4111721) Importer(815301076,1909f56bfc062723c751e8b465ee728b)  -> (artifact id: '1413cd465947c84a8acb0cdad07be169') in 0.002280 seconds
  Import took 0.005842 seconds .

========================================================================
Received Import Request.
  Time since last request: 16.687959 seconds.
  path: Assets/Resourses/Shaders/Grass/Grass Shader.shadergraph
  artifactKey: Guid(6d26564252d19e74991f45fc5bc8e5d5) Importer(815301076,1909f56bfc062723c751e8b465ee728b)
Start importing Assets/Resourses/Shaders/Grass/Grass Shader.shadergraph using Guid(6d26564252d19e74991f45fc5bc8e5d5) Importer(815301076,1909f56bfc062723c751e8b465ee728b)  -> (artifact id: '558d5114a94fd6bcc51fc2383474ff04') in 0.002986 seconds
  Import took 0.006685 seconds .

========================================================================
Received Import Request.
  Time since last request: 281.313509 seconds.
  path: Assets/Resourses/Shaders/Grass/Grass Shader.shadergraph
  artifactKey: Guid(6d26564252d19e74991f45fc5bc8e5d5) Importer(815301076,1909f56bfc062723c751e8b465ee728b)
Start importing Assets/Resourses/Shaders/Grass/Grass Shader.shadergraph using Guid(6d26564252d19e74991f45fc5bc8e5d5) Importer(815301076,1909f56bfc062723c751e8b465ee728b)  -> (artifact id: '4885b7d9df10afe7d4c5b773f95cf774') in 0.006139 seconds
  Import took 0.010109 seconds .

========================================================================
Received Import Request.
  Time since last request: 40.050149 seconds.
  path: Assets/Resourses/Shaders/Grass/Grass Shader.shadergraph
  artifactKey: Guid(6d26564252d19e74991f45fc5bc8e5d5) Importer(815301076,1909f56bfc062723c751e8b465ee728b)
Start importing Assets/Resourses/Shaders/Grass/Grass Shader.shadergraph using Guid(6d26564252d19e74991f45fc5bc8e5d5) Importer(815301076,1909f56bfc062723c751e8b465ee728b)  -> (artifact id: '751532b201b97dac63ae6b4834ae6d29') in 0.002521 seconds
  Import took 0.005935 seconds .

========================================================================
Received Import Request.
  Time since last request: 13.966612 seconds.
  path: Assets/Resourses/Shaders/Grass/Grass Shader.shadergraph
  artifactKey: Guid(6d26564252d19e74991f45fc5bc8e5d5) Importer(815301076,1909f56bfc062723c751e8b465ee728b)
Start importing Assets/Resourses/Shaders/Grass/Grass Shader.shadergraph using Guid(6d26564252d19e74991f45fc5bc8e5d5) Importer(815301076,1909f56bfc062723c751e8b465ee728b)  -> (artifact id: '7e84858582344254cf46ac6ed398a5fc') in 0.002854 seconds
  Import took 0.006569 seconds .

========================================================================
Received Import Request.
  Time since last request: 10.450972 seconds.
  path: Assets/Resourses/Shaders/Grass/Grass Shader.shadergraph
  artifactKey: Guid(6d26564252d19e74991f45fc5bc8e5d5) Importer(815301076,1909f56bfc062723c751e8b465ee728b)
Start importing Assets/Resourses/Shaders/Grass/Grass Shader.shadergraph using Guid(6d26564252d19e74991f45fc5bc8e5d5) Importer(815301076,1909f56bfc062723c751e8b465ee728b)  -> (artifact id: '5db4f6b43b5de847d72493ae8af47b29') in 0.002793 seconds
  Import took 0.006379 seconds .

========================================================================
Received Import Request.
  Time since last request: 8.956155 seconds.
  path: Assets/Resourses/Shaders/Grass/Grass Shader.shadergraph
  artifactKey: Guid(6d26564252d19e74991f45fc5bc8e5d5) Importer(815301076,1909f56bfc062723c751e8b465ee728b)
Start importing Assets/Resourses/Shaders/Grass/Grass Shader.shadergraph using Guid(6d26564252d19e74991f45fc5bc8e5d5) Importer(815301076,1909f56bfc062723c751e8b465ee728b)  -> (artifact id: 'cc124e2484b431491f14c796fff0e6c8') in 0.002881 seconds
  Import took 0.006439 seconds .

========================================================================
Received Import Request.
  Time since last request: 4.570027 seconds.
  path: Assets/Resourses/Shaders/Grass/Grass Shader.shadergraph
  artifactKey: Guid(6d26564252d19e74991f45fc5bc8e5d5) Importer(815301076,1909f56bfc062723c751e8b465ee728b)
Start importing Assets/Resourses/Shaders/Grass/Grass Shader.shadergraph using Guid(6d26564252d19e74991f45fc5bc8e5d5) Importer(815301076,1909f56bfc062723c751e8b465ee728b)  -> (artifact id: 'd9fad5b68796d611fb37d3409109b4c7') in 0.005672 seconds
  Import took 0.009235 seconds .

========================================================================
Received Import Request.
  Time since last request: 6.597027 seconds.
  path: Assets/Resourses/Shaders/Grass/Grass Shader.shadergraph
  artifactKey: Guid(6d26564252d19e74991f45fc5bc8e5d5) Importer(815301076,1909f56bfc062723c751e8b465ee728b)
Start importing Assets/Resourses/Shaders/Grass/Grass Shader.shadergraph using Guid(6d26564252d19e74991f45fc5bc8e5d5) Importer(815301076,1909f56bfc062723c751e8b465ee728b)  -> (artifact id: '6588465eefa699acd6d92b307ba02d48') in 0.002862 seconds
  Import took 0.006415 seconds .

========================================================================
Received Import Request.
  Time since last request: 7.424376 seconds.
  path: Assets/Resourses/Shaders/Grass/Grass Shader.shadergraph
  artifactKey: Guid(6d26564252d19e74991f45fc5bc8e5d5) Importer(815301076,1909f56bfc062723c751e8b465ee728b)
Start importing Assets/Resourses/Shaders/Grass/Grass Shader.shadergraph using Guid(6d26564252d19e74991f45fc5bc8e5d5) Importer(815301076,1909f56bfc062723c751e8b465ee728b)  -> (artifact id: 'ba633a8ce52fd860e31e5859950a2f92') in 0.002835 seconds
  Import took 0.006272 seconds .

========================================================================
Received Import Request.
  Time since last request: 40.777545 seconds.
  path: Assets/Resourses/Shaders/Grass/Grass Shader.shadergraph
  artifactKey: Guid(6d26564252d19e74991f45fc5bc8e5d5) Importer(815301076,1909f56bfc062723c751e8b465ee728b)
Start importing Assets/Resourses/Shaders/Grass/Grass Shader.shadergraph using Guid(6d26564252d19e74991f45fc5bc8e5d5) Importer(815301076,1909f56bfc062723c751e8b465ee728b)  -> (artifact id: '507d378b6f1b3e8c3aceac3b14720232') in 0.002725 seconds
  Import took 0.006327 seconds .

========================================================================
Received Import Request.
  Time since last request: 3.798799 seconds.
  path: Assets/Resourses/Shaders/Grass/Grass Shader.shadergraph
  artifactKey: Guid(6d26564252d19e74991f45fc5bc8e5d5) Importer(815301076,1909f56bfc062723c751e8b465ee728b)
Start importing Assets/Resourses/Shaders/Grass/Grass Shader.shadergraph using Guid(6d26564252d19e74991f45fc5bc8e5d5) Importer(815301076,1909f56bfc062723c751e8b465ee728b)  -> (artifact id: 'de6048892bba3856b7fca424183f524b') in 0.002820 seconds
  Import took 0.006564 seconds .

========================================================================
Received Prepare
Registering precompiled user dll's ...
Registered in 0.001010 seconds.
Begin MonoManager ReloadAssembly
Native extension for WindowsStandalone target not found
Refreshing native plugins compatible for Editor in 0.40 ms, found 0 plugins.
Preloading 0 native plugins for Editor in 0.00 ms.
Mono: successfully reloaded assembly
- Completed reload, in  0.682 seconds
Platform modules already initialized, skipping
Shader 'Universal Render Pipeline/Particles/Lit': fallback shader 'Universal Render Pipeline/Particles/SimpleLit' not found
Shader 'Universal Render Pipeline/Particles/Lit': fallback shader 'Universal Render Pipeline/Particles/SimpleLit' not found
Refreshing native plugins compatible for Editor in 0.47 ms, found 0 plugins.
Preloading 0 native plugins for Editor in 0.00 ms.
Unloading 2345 Unused Serialized files (Serialized files now loaded: 0)
System memory in use before: 116.3 MB.
System memory in use after: 114.4 MB.

Unloading 33 unused Assets to reduce memory usage. Loaded Objects now: 2966.
Total: 3.821100 ms (FindLiveObjects: 0.298000 ms CreateObjectMapping: 0.064500 ms MarkObjects: 2.266500 ms  DeleteObjects: 1.189900 ms)

========================================================================
Received Import Request.
  Time since last request: 241.114410 seconds.
  path: Assets/Resourses/Shaders/Grass/Grass Shader.shadergraph
  artifactKey: Guid(6d26564252d19e74991f45fc5bc8e5d5) Importer(815301076,1909f56bfc062723c751e8b465ee728b)
Start importing Assets/Resourses/Shaders/Grass/Grass Shader.shadergraph using Guid(6d26564252d19e74991f45fc5bc8e5d5) Importer(815301076,1909f56bfc062723c751e8b465ee728b)  -> (artifact id: '826c156e293e883b1ba835e5384ae25d') in 0.011435 seconds
  Import took 0.015364 seconds .

========================================================================
Received Import Request.
  Time since last request: 33.700916 seconds.
  path: Assets/Resourses/Shaders/Grass/Grass Shader.shadergraph
  artifactKey: Guid(6d26564252d19e74991f45fc5bc8e5d5) Importer(815301076,1909f56bfc062723c751e8b465ee728b)
Start importing Assets/Resourses/Shaders/Grass/Grass Shader.shadergraph using Guid(6d26564252d19e74991f45fc5bc8e5d5) Importer(815301076,1909f56bfc062723c751e8b465ee728b)  -> (artifact id: '339d74255131f28c42013ce19a6ce247') in 0.002759 seconds
  Import took 0.006229 seconds .

========================================================================
Received Import Request.
  Time since last request: 9.328074 seconds.
  path: Assets/Resourses/Shaders/Grass/Grass Shader.shadergraph
  artifactKey: Guid(6d26564252d19e74991f45fc5bc8e5d5) Importer(815301076,1909f56bfc062723c751e8b465ee728b)
Start importing Assets/Resourses/Shaders/Grass/Grass Shader.shadergraph using Guid(6d26564252d19e74991f45fc5bc8e5d5) Importer(815301076,1909f56bfc062723c751e8b465ee728b)  -> (artifact id: '696187088612b3b8585b07887c60fcb1') in 0.002781 seconds
  Import took 0.006392 seconds .

========================================================================
Received Import Request.
  Time since last request: 4.870290 seconds.
  path: Assets/Resourses/Shaders/Grass/Grass Shader.shadergraph
  artifactKey: Guid(6d26564252d19e74991f45fc5bc8e5d5) Importer(815301076,1909f56bfc062723c751e8b465ee728b)
Start importing Assets/Resourses/Shaders/Grass/Grass Shader.shadergraph using Guid(6d26564252d19e74991f45fc5bc8e5d5) Importer(815301076,1909f56bfc062723c751e8b465ee728b)  -> (artifact id: '7df35a9ea2374dfad6863eac8d20fc25') in 0.002920 seconds
  Import took 0.006615 seconds .

========================================================================
Received Import Request.
  Time since last request: 13.388467 seconds.
  path: Assets/Resourses/Shaders/Grass/Grass Shader.shadergraph
  artifactKey: Guid(6d26564252d19e74991f45fc5bc8e5d5) Importer(815301076,1909f56bfc062723c751e8b465ee728b)
Start importing Assets/Resourses/Shaders/Grass/Grass Shader.shadergraph using Guid(6d26564252d19e74991f45fc5bc8e5d5) Importer(815301076,1909f56bfc062723c751e8b465ee728b)  -> (artifact id: 'fff73d52309da471e80945cecac62224') in 0.002794 seconds
  Import took 0.006480 seconds .

========================================================================
Received Import Request.
  Time since last request: 5.244852 seconds.
  path: Assets/Resourses/Shaders/Grass/Grass Shader.shadergraph
  artifactKey: Guid(6d26564252d19e74991f45fc5bc8e5d5) Importer(815301076,1909f56bfc062723c751e8b465ee728b)
Start importing Assets/Resourses/Shaders/Grass/Grass Shader.shadergraph using Guid(6d26564252d19e74991f45fc5bc8e5d5) Importer(815301076,1909f56bfc062723c751e8b465ee728b)  -> (artifact id: 'ce348d0312d8293e9fc38e88b61632ff') in 0.002885 seconds
  Import took 0.006333 seconds .

========================================================================
Received Import Request.
  Time since last request: 28.449851 seconds.
  path: Assets/Resourses/Shaders/Grass/Grass Shader.shadergraph
  artifactKey: Guid(6d26564252d19e74991f45fc5bc8e5d5) Importer(815301076,1909f56bfc062723c751e8b465ee728b)
Start importing Assets/Resourses/Shaders/Grass/Grass Shader.shadergraph using Guid(6d26564252d19e74991f45fc5bc8e5d5) Importer(815301076,1909f56bfc062723c751e8b465ee728b)  -> (artifact id: 'e9610ac72eab9fd2d2ff273b1b786d2a') in 0.003014 seconds
  Import took 0.006661 seconds .

========================================================================
Received Import Request.
  Time since last request: 8.211413 seconds.
  path: Assets/Resourses/Shaders/Grass/Grass Shader.shadergraph
  artifactKey: Guid(6d26564252d19e74991f45fc5bc8e5d5) Importer(815301076,1909f56bfc062723c751e8b465ee728b)
Start importing Assets/Resourses/Shaders/Grass/Grass Shader.shadergraph using Guid(6d26564252d19e74991f45fc5bc8e5d5) Importer(815301076,1909f56bfc062723c751e8b465ee728b)  -> (artifact id: 'e98183fecd248239fc77a12332c9220b') in 0.002737 seconds
  Import took 0.006303 seconds .

========================================================================
Received Import Request.
  Time since last request: 3.091724 seconds.
  path: Assets/Resourses/Shaders/Grass/Grass Shader.shadergraph
  artifactKey: Guid(6d26564252d19e74991f45fc5bc8e5d5) Importer(815301076,1909f56bfc062723c751e8b465ee728b)
Start importing Assets/Resourses/Shaders/Grass/Grass Shader.shadergraph using Guid(6d26564252d19e74991f45fc5bc8e5d5) Importer(815301076,1909f56bfc062723c751e8b465ee728b)  -> (artifact id: 'd654a4de775e11c33ede42eba1d2a744') in 0.002737 seconds
  Import took 0.006307 seconds .

========================================================================
Received Import Request.
  Time since last request: 32.390957 seconds.
  path: Assets/Resourses/Shaders/Grass/New Shader Graph.shadergraph
  artifactKey: Guid(5a6ee170061432444afc3b8a2a48a102) Importer(815301076,1909f56bfc062723c751e8b465ee728b)
Start importing Assets/Resourses/Shaders/Grass/New Shader Graph.shadergraph using Guid(5a6ee170061432444afc3b8a2a48a102) Importer(815301076,1909f56bfc062723c751e8b465ee728b)  -> (artifact id: '4d0a183345bdd8c33b3c2dbb3aeb4c9e') in 0.005808 seconds
  Import took 0.009373 seconds .

========================================================================
Received Import Request.
  Time since last request: 22.995987 seconds.
  path: Assets/Resourses/Shaders/Grass/New Shader Graph.shadergraph
  artifactKey: Guid(5a6ee170061432444afc3b8a2a48a102) Importer(815301076,1909f56bfc062723c751e8b465ee728b)
Start importing Assets/Resourses/Shaders/Grass/New Shader Graph.shadergraph using Guid(5a6ee170061432444afc3b8a2a48a102) Importer(815301076,1909f56bfc062723c751e8b465ee728b)  -> (artifact id: '1ffee5d3af05e0d55963427a93654303') in 0.002624 seconds
  Import took 0.006140 seconds .

AssetImportWorkerClient::OnTransportError - code=2 error=End of file
